<?xml version="1.0" encoding="UTF-8"?>
<coverage generated="1760704408663" clover="3.2.0">
  <project timestamp="1760704408663" name="All files">
    <metrics statements="16" coveredstatements="14" conditionals="4" coveredconditionals="4" methods="11" coveredmethods="9" elements="31" coveredelements="27" complexity="0" loc="16" ncloc="16" packages="1" files="1" classes="1"/>
    <file name="funcoes.js" path="C:\Users\DanielNeves\PUCRS\18-QualidadeETesteDeSoftware\funcoes.js">
      <metrics statements="16" coveredstatements="14" conditionals="4" coveredconditionals="4" methods="11" coveredmethods="9"/>
      <line num="1" count="1" type="stmt"/>
      <line num="3" count="1" type="stmt"/>
      <line num="6" count="1" type="stmt"/>
      <line num="10" count="1" type="stmt"/>
      <line num="14" count="1" type="stmt"/>
      <line num="18" count="1" type="stmt"/>
      <line num="21" count="1" type="stmt"/>
      <line num="24" count="3" type="cond" truecount="4" falsecount="0"/>
      <line num="25" count="2" type="stmt"/>
      <line num="27" count="1" type="stmt"/>
      <line num="32" count="4" type="stmt"/>
      <line num="35" count="0" type="stmt"/>
      <line num="38" count="3" type="stmt"/>
      <line num="39" count="3" type="stmt"/>
      <line num="40" count="0" type="stmt"/>
      <line num="45" count="1" type="stmt"/>
    </file>
  </project>
</coverage>
